<?xml version="1.0" encoding="UTF-8"?>
<coverage generated="1700248684200" clover="3.2.0">
  <project timestamp="1700248684200" name="All files">
    <metrics statements="13" coveredstatements="13" conditionals="2" coveredconditionals="2" methods="9" coveredmethods="9" elements="24" coveredelements="24" complexity="0" loc="13" ncloc="13" packages="3" files="5" classes="5"/>
    <package name="src">
      <metrics statements="2" coveredstatements="2" conditionals="0" coveredconditionals="0" methods="2" coveredmethods="2"/>
      <file name="App.jsx" path="/Users/rcb/Developer/institucional/residencia-cesar/tests-with-jest/src/App.jsx">
        <metrics statements="2" coveredstatements="2" conditionals="0" coveredconditionals="0" methods="2" coveredmethods="2"/>
        <line num="6" count="1" type="stmt"/>
        <line num="17" count="4" type="stmt"/>
      </file>
    </package>
    <package name="src.components">
      <metrics statements="10" coveredstatements="10" conditionals="2" coveredconditionals="2" methods="6" coveredmethods="6"/>
      <file name="Button.jsx" path="/Users/rcb/Developer/institucional/residencia-cesar/tests-with-jest/src/components/Button.jsx">
        <metrics statements="1" coveredstatements="1" conditionals="0" coveredconditionals="0" methods="1" coveredmethods="1"/>
        <line num="2" count="4" type="stmt"/>
      </file>
      <file name="ComponentWithState.jsx" path="/Users/rcb/Developer/institucional/residencia-cesar/tests-with-jest/src/components/ComponentWithState.jsx">
        <metrics statements="3" coveredstatements="3" conditionals="2" coveredconditionals="2" methods="2" coveredmethods="2"/>
        <line num="5" count="2" type="stmt"/>
        <line num="7" count="2" type="stmt"/>
        <line num="13" count="1" type="stmt"/>
      </file>
      <file name="DataComponent.jsx" path="/Users/rcb/Developer/institucional/residencia-cesar/tests-with-jest/src/components/DataComponent.jsx">
        <metrics statements="6" coveredstatements="6" conditionals="0" coveredconditionals="0" methods="3" coveredmethods="3"/>
        <line num="5" count="2" type="stmt"/>
        <line num="7" count="2" type="stmt"/>
        <line num="9" count="1" type="stmt"/>
        <line num="10" count="1" type="stmt"/>
        <line num="13" count="1" type="stmt"/>
        <line num="16" count="2" type="stmt"/>
      </file>
    </package>
    <package name="src.services">
      <metrics statements="1" coveredstatements="1" conditionals="0" coveredconditionals="0" methods="1" coveredmethods="1"/>
      <file name="api.js" path="/Users/rcb/Developer/institucional/residencia-cesar/tests-with-jest/src/services/api.js">
        <metrics statements="1" coveredstatements="1" conditionals="0" coveredconditionals="0" methods="1" coveredmethods="1"/>
        <line num="2" count="1" type="stmt"/>
      </file>
    </package>
  </project>
</coverage>
