{"/Users/rcb/Developer/institucional/residencia-cesar/tests-with-jest/src/App.jsx": {"path":"/Users/rcb/Developer/institucional/residencia-cesar/tests-with-jest/src/App.jsx","statementMap":{"0":{"start":{"line":6,"column":2},"end":{"line":13,"column":4}},"1":{"start":{"line":17,"column":2},"end":{"line":17,"column":15}}},"fnMap":{"0":{"name":"App","decl":{"start":{"line":5,"column":9},"end":{"line":5,"column":12}},"loc":{"start":{"line":5,"column":15},"end":{"line":14,"column":1}},"line":5},"1":{"name":"add","decl":{"start":{"line":16,"column":16},"end":{"line":16,"column":19}},"loc":{"start":{"line":16,"column":26},"end":{"line":18,"column":1}},"line":16}},"branchMap":{},"s":{"0":1,"1":4},"f":{"0":1,"1":4},"b":{},"_coverageSchema":"1a1c01bbd47fc00a2c39e90264f33305004495a9","hash":"8e728bc1fa51449b7937fab1b2e6e778153a24e8"}
,"/Users/rcb/Developer/institucional/residencia-cesar/tests-with-jest/src/components/Button.jsx": {"path":"/Users/rcb/Developer/institucional/residencia-cesar/tests-with-jest/src/components/Button.jsx","statementMap":{"0":{"start":{"line":2,"column":2},"end":{"line":2,"column":51}}},"fnMap":{"0":{"name":"Button","decl":{"start":{"line":1,"column":24},"end":{"line":1,"column":30}},"loc":{"start":{"line":1,"column":50},"end":{"line":3,"column":1}},"line":1}},"branchMap":{},"s":{"0":4},"f":{"0":4},"b":{},"_coverageSchema":"1a1c01bbd47fc00a2c39e90264f33305004495a9","hash":"aedadb1ac044eb92667c027f3462d80f83555799"}
,"/Users/rcb/Developer/institucional/residencia-cesar/tests-with-jest/src/components/ComponentWithState.jsx": {"path":"/Users/rcb/Developer/institucional/residencia-cesar/tests-with-jest/src/components/ComponentWithState.jsx","statementMap":{"0":{"start":{"line":5,"column":26},"end":{"line":5,"column":47}},"1":{"start":{"line":7,"column":2},"end":{"line":18,"column":4}},"2":{"start":{"line":13,"column":10},"end":{"line":13,"column":24}}},"fnMap":{"0":{"name":"ComponentWithState","decl":{"start":{"line":4,"column":24},"end":{"line":4,"column":42}},"loc":{"start":{"line":4,"column":45},"end":{"line":19,"column":1}},"line":4},"1":{"name":"(anonymous_1)","decl":{"start":{"line":12,"column":16},"end":{"line":12,"column":17}},"loc":{"start":{"line":12,"column":22},"end":{"line":14,"column":9}},"line":12}},"branchMap":{"0":{"loc":{"start":{"line":16,"column":7},"end":{"line":16,"column":52}},"type":"binary-expr","locations":[{"start":{"line":16,"column":7},"end":{"line":16,"column":11}},{"start":{"line":16,"column":15},"end":{"line":16,"column":52}}],"line":16}},"s":{"0":2,"1":2,"2":1},"f":{"0":2,"1":1},"b":{"0":[2,1]},"_coverageSchema":"1a1c01bbd47fc00a2c39e90264f33305004495a9","hash":"6872e84543fdb836c830c62ad239e049fe485113"}
,"/Users/rcb/Developer/institucional/residencia-cesar/tests-with-jest/src/components/DataComponent.jsx": {"path":"/Users/rcb/Developer/institucional/residencia-cesar/tests-with-jest/src/components/DataComponent.jsx","statementMap":{"0":{"start":{"line":5,"column":26},"end":{"line":5,"column":43}},"1":{"start":{"line":7,"column":2},"end":{"line":14,"column":9}},"2":{"start":{"line":9,"column":23},"end":{"line":9,"column":40}},"3":{"start":{"line":10,"column":6},"end":{"line":10,"column":29}},"4":{"start":{"line":13,"column":4},"end":{"line":13,"column":21}},"5":{"start":{"line":16,"column":2},"end":{"line":16,"column":27}}},"fnMap":{"0":{"name":"DataComponent","decl":{"start":{"line":4,"column":24},"end":{"line":4,"column":37}},"loc":{"start":{"line":4,"column":40},"end":{"line":17,"column":1}},"line":4},"1":{"name":"(anonymous_1)","decl":{"start":{"line":7,"column":12},"end":{"line":7,"column":13}},"loc":{"start":{"line":7,"column":18},"end":{"line":14,"column":3}},"line":7},"2":{"name":"fetchDataAsync","decl":{"start":{"line":8,"column":19},"end":{"line":8,"column":33}},"loc":{"start":{"line":8,"column":36},"end":{"line":11,"column":5}},"line":8}},"branchMap":{},"s":{"0":2,"1":2,"2":1,"3":1,"4":1,"5":2},"f":{"0":2,"1":1,"2":1},"b":{},"_coverageSchema":"1a1c01bbd47fc00a2c39e90264f33305004495a9","hash":"ee504be96dc2544d8f68200f59382a2bc85d112d"}
,"/Users/rcb/Developer/institucional/residencia-cesar/tests-with-jest/src/services/api.js": {"path":"/Users/rcb/Developer/institucional/residencia-cesar/tests-with-jest/src/services/api.js","statementMap":{"0":{"start":{"line":2,"column":2},"end":{"line":2,"column":62}}},"fnMap":{"0":{"name":"fetchData","decl":{"start":{"line":1,"column":24},"end":{"line":1,"column":33}},"loc":{"start":{"line":1,"column":36},"end":{"line":3,"column":1}},"line":1}},"branchMap":{},"s":{"0":1},"f":{"0":1},"b":{},"_coverageSchema":"1a1c01bbd47fc00a2c39e90264f33305004495a9","hash":"68aabb8fd4faf32b1b2a790787404a816f64d512"}
}
