TN:
SF:src/App.jsx
FN:5,App
FN:16,add
FNF:2
FNH:2
FNDA:1,App
FNDA:4,add
DA:6,1
DA:17,4
LF:2
LH:2
BRF:0
BRH:0
end_of_record
TN:
SF:src/components/Button.jsx
FN:1,Button
FNF:1
FNH:1
FNDA:4,Button
DA:2,4
LF:1
LH:1
BRF:0
BRH:0
end_of_record
TN:
SF:src/components/ComponentWithState.jsx
FN:4,ComponentWithState
FN:12,(anonymous_1)
FNF:2
FNH:2
FNDA:2,ComponentWithState
FNDA:1,(anonymous_1)
DA:5,2
DA:7,2
DA:13,1
LF:3
LH:3
BRDA:16,0,0,2
BRDA:16,0,1,1
BRF:2
BRH:2
end_of_record
TN:
SF:src/components/DataComponent.jsx
FN:4,DataComponent
FN:7,(anonymous_1)
FN:8,fetchDataAsync
FNF:3
FNH:3
FNDA:2,DataComponent
FNDA:1,(anonymous_1)
FNDA:1,fetchDataAsync
DA:5,2
DA:7,2
DA:9,1
DA:10,1
DA:13,1
DA:16,2
LF:6
LH:6
BRF:0
BRH:0
end_of_record
TN:
SF:src/services/api.js
FN:1,fetchData
FNF:1
FNH:1
FNDA:1,fetchData
DA:2,1
LF:1
LH:1
BRF:0
BRH:0
end_of_record
